----------------------------------------
Begin PBS Prologue Fri Apr 10 18:50:14 PDT 2015
Job ID:            11900410.hpc-pbs.hpcc.usc.edu
Username:          adhulipa
Group:             csci-ar
Name:              bitonic
Queue:             quick
Shared Access:     no
All Cores:         no
Has MIC:           no
Nodes:             hpc2320 hpc2321 
PVFS:              /scratch (98G), /staging (328T)
TMPDIR:            /tmp/11900410.hpc-pbs.hpcc.usc.edu
End PBS Prologue Fri Apr 10 18:50:37 PDT 2015
----------------------------------------
unsorted - 
1963 498 1787 483 326 124 706 84 2040 795 488 1511 909 1910 1370 302 611 563 1951 1225 1946 870 1330 13 1975 561 1112 163 346 293 349 261 791 88 745 1118 212 1451 1202 205 198 1691 1716 1108 1553 1038 1410 116 1601 1313 1341 1500 135 624 1513 62 1185 577 225 1532 871 574 1793 1662 663 490 732 875 1942 1935 1080 92 1578 748 1200 1083 1787 562 1199 1340 1876 492 792 2011 1116 258 26 254 835 251 1786 1706 826 1531 1321 1489 2022 5 316 1916 1940 1397 2008 1470 97 1161 505 1884 1723 1704 1177 1551 149 1969 1515 1265 179 1541 1519 1015 1792 1257 673 570 741 1994 11 715 2000 328 583 1892 1725 543 1315 1822 1704 1820 1659 1380 1477 788 883 1626 709 350 843 889 1891 315 1904 1636 1572 529 158 265 476 170 980 428 498 1563 272 175 59 1587 1997 1763 1360 1608 1095 789 348 1979 367 1058 281 1210 1947 125 1525 1803 1761 1050 284 1919 1315 760 41 248 1188 539 1811 1461 714 1870 1000 664 1586 312 224 633 1101 573 564 1468 1631 846 631 1530 971 108 1285 684 1158 1569 555 426 282 597 674 1470 1136 437 883 1851 260 1884 467 1846 148 691 431 1250 1264 996 670 847 1842 1301 329 765 1410 1614 1449 520 1136 2004 946 1418 553 1620 840 1690 10 1724 1493 270 1560 1960 68 1708 603 499 910 1868 1495 1581 667 1289 834 997 6 196 563 1455 717 1699 1412 1663 1069 1965 1236 1910 1607 1246 1586 1052 1516 1098 964 1584 758 1568 35 1669 1388 1531 1202 7 772 2036 1004 779 185 1568 186 902 1219 1598 517 241 1516 1753 103 1075 951 1689 80 419 739 1044 2003 1497 564 2039 1118 1952 1522 272 1960 246 261 916 1025 446 436 1212 1348 1656 762 1865 1897 230 1571 2000 1306 474 1641 1386 894 332 382 849 1829 947 840 900 851 314 1172 763 561 1433 1680 1586 1879 68 750 1179 1724 1513 997 1573 1743 520 1525 1001 994 1118 339 1888 1450 722 690 1232 1669 1530 84 472 1845 1256 1236 358 642 868 1944 473 936 647 1653 613 112 602 138 1855 1122 1664 809 68 734 1148 1957 137 1870 599 1369 1491 81 1453 1964 1926 661 1152 236 1303 2020 133 1777 908 780 1382 1521 892 1984 1660 699 1058 1276 1508 1126 2010 609 1035 99 431 1634 1468 1923 1716 873 1839 1594 1535 943 1831 790 915 1964 519 1823 696 1901 1297 1588 1837 909 239 847 137 1748 1974 99 309 961 199 740 548 1667 615 216 493 406 1810 2028 1349 1593 770 216 1509 1290 2040 157 1143 1289 1745 933 150 1985 1780 287 1685 1706 386 1994 620 585 686 1168 205 1302 1384 
sorted - 
5 6 7 10 11 13 26 35 41 59 62 68 68 68 68 80 81 81 84 84 68 68 80 84 88 92 97 99 99 103 103 108 112 116 124 125 133 135 137 137 138 148 149 150 157 158 163 170 175 179 185 185 186 186 196 196 198 199 205 205 212 216 216 224 225 230 230 236 239 241 241 246 246 248 251 254 258 260 261 261 261 265 270 270 272 272 272 281 282 284 287 293 302 309 312 314 314 315 316 326 328 329 332 332 339 339 346 348 349 350 358 367 382 382 386 406 419 419 426 428 431 431 436 436 437 446 446 467 472 473 474 474 476 483 488 490 492 493 498 498 499 499 505 517 517 519 520 520 520 529 539 543 548 553 555 561 561 561 562 563 563 563 564 564 564 570 573 574 577 583 585 597 599 602 603 603 609 611 613 615 620 624 631 633 642 647 661 663 664 667 667 670 673 674 684 686 690 691 696 699 706 709 714 717 722 734 739 740 750 758 762 763 770 772 779 780 790 809 834 840 847 849 851 868 873 892 894 900 902 908 909 910 915 916 933 936 943 947 951 961 964 994 997 997 1001 1004 1025 1035 1044 1050 1052 1058 1058 1069 1075 1080 715 717 722 732 739 741 745 748 750 758 760 762 763 765 772 779 788 789 791 792 795 826 834 835 840 840 843 846 847 849 851 870 871 875 883 883 889 894 900 902 909 910 916 946 947 951 964 971 980 994 996 997 997 1000 1001 1004 1015 1025 1038 1044 1052 1069 1075 1083 1095 1098 1098 1101 1108 1112 1116 1118 1118 1118 1118 1118 1136 1136 1158 1161 1172 1177 1179 1185 1188 1199 1200 1202 1202 1210 1212 1219 1225 1236 1246 1250 1257 1264 1265 1285 1289 1301 1306 1313 1315 1315 1321 1330 1340 1341 1348 1360 1370 1380 1386 1388 1397 1410 1410 1412 1418 1433 1449 1450 1451 1455 1461 1468 1470 1470 1477 1489 1493 1495 1497 1500 1511 1513 1513 1515 1516 1516 1519 1522 1525 1525 1530 1531 1531 1532 1541 1551 1553 1560 1563 1568 1568 1569 1571 1572 1573 1578 1581 1584 1586 1586 1586 1587 1598 1601 1607 1608 1614 1620 1626 1631 1636 1641 1656 1659 1662 1663 1669 1680 1689 1690 1691 1699 1704 1704 1706 1708 1716 1723 1724 1724 1725 1743 1753 1761 1763 1786 1787 1787 1792 1793 1803 1811 1820 1822 1829 1842 1846 1851 1865 1868 1870 1876 1879 1884 1884 1888 1891 1892 1897 1904 1910 1910 1916 1919 1935 1940 1942 1946 1947 1951 1952 1960 1960 1963 1965 1969 1975 1979 1994 1997 2000 2000 2003 2004 2008 2011 2022 2036 2039 2040 
----------------------------------------
Begin PBS Epilogue Fri Apr 10 18:50:38 PDT 2015
Job ID:           11900410.hpc-pbs.hpcc.usc.edu
Username:         adhulipa
Group:            csci-ar
Job Name:         bitonic
Session:          5656
Limits:           neednodes=2:ppn=2:myri,nodes=2:ppn=2:myri,walltime=00:00:05
Resources:        cput=00:00:00,mem=3240kb,vmem=144088kb,walltime=00:00:02
Queue:            quick
Shared Access:    no
Has MIC:          no
End PBS Epilogue Fri Apr 10 18:50:44 PDT 2015
----------------------------------------
