----------------------------------------
Begin PBS Prologue Fri Apr 10 19:30:24 PDT 2015
Job ID:            11900634.hpc-pbs.hpcc.usc.edu
Username:          adhulipa
Group:             csci-ar
Name:              p1
Queue:             quick
Shared Access:     no
All Cores:         no
Has MIC:           no
Nodes:             hpc2357 hpc2358 
PVFS:              /scratch (394G), /staging (328T)
TMPDIR:            /tmp/11900634.hpc-pbs.hpcc.usc.edu
End PBS Prologue Fri Apr 10 19:30:47 PDT 2015
----------------------------------------
Process 1: Msg = 452
Process 0 Initially: Msg 451
Process 0: Recieved Msg = 454 Done!
Process 2: Msg = 453
Process 3: Msg = 454
----------------------------------------
Begin PBS Epilogue Fri Apr 10 19:30:50 PDT 2015
Job ID:           11900634.hpc-pbs.hpcc.usc.edu
Username:         adhulipa
Group:            csci-ar
Job Name:         p1
Session:          8828
Limits:           neednodes=2:ppn=2:myri,nodes=2:ppn=2:myri,walltime=00:00:05
Resources:        cput=00:00:00,mem=3224kb,vmem=144088kb,walltime=00:00:03
Queue:            quick
Shared Access:    no
Has MIC:          no
End PBS Epilogue Fri Apr 10 19:30:56 PDT 2015
----------------------------------------
