----------------------------------------
Begin PBS Prologue Fri Apr 10 19:42:49 PDT 2015
Job ID:            11900638.hpc-pbs.hpcc.usc.edu
Username:          adhulipa
Group:             csci-ar
Name:              p23
Queue:             quick
Shared Access:     no
All Cores:         no
Has MIC:           no
Nodes:             hpc1122 hpc1199 
PVFS:              /scratch (1.7T), /staging (328T)
TMPDIR:            /tmp/11900638.hpc-pbs.hpcc.usc.edu
End PBS Prologue Fri Apr 10 19:43:11 PDT 2015
----------------------------------------
FINAL SUM = 47126
----------------------------------------
Begin PBS Epilogue Fri Apr 10 19:43:13 PDT 2015
Job ID:           11900638.hpc-pbs.hpcc.usc.edu
Username:         adhulipa
Group:            csci-ar
Job Name:         p23
Session:          21877
Limits:           neednodes=2:ppn=2:myri,nodes=2:ppn=2:myri,walltime=00:00:05
Resources:        cput=00:00:00,mem=3220kb,vmem=144088kb,walltime=00:00:01
Queue:            quick
Shared Access:    no
Has MIC:          no
End PBS Epilogue Fri Apr 10 19:43:19 PDT 2015
----------------------------------------
