----------------------------------------
Begin PBS Prologue Sun Apr 19 18:40:40 PDT 2015
Job ID:            11959677.hpc-pbs.hpcc.usc.edu
Username:          adhulipa
Group:             csci-ar
Name:              CUDAtest
Queue:             quick
Shared Access:     no
All Cores:         no
Has MIC:           no
Nodes:             hpc3025 
TMPDIR:            /tmp/11959677.hpc-pbs.hpcc.usc.edu
End PBS Prologue Sun Apr 19 18:40:41 PDT 2015
----------------------------------------
C[451][451] = 2048
Time - 16.662144
----------------------------------------
Begin PBS Epilogue Sun Apr 19 18:40:43 PDT 2015
Job ID:           11959677.hpc-pbs.hpcc.usc.edu
Username:         adhulipa
Group:            csci-ar
Job Name:         CUDAtest
Session:          21137
Limits:           neednodes=1:ppn=16:gpus=2,nodes=1:ppn=16:gpus=2,walltime=00:08:00
Resources:        cput=00:00:00,mem=1900kb,vmem=18816kb,walltime=00:00:01
Queue:            quick
Shared Access:    no
Has MIC:          no
End PBS Epilogue Sun Apr 19 18:40:43 PDT 2015
----------------------------------------
