----------------------------------------
Begin PBS Prologue Sun Apr 19 02:32:08 PDT 2015
Job ID:            11957306.hpc-pbs.hpcc.usc.edu
Username:          adhulipa
Group:             csci-ar
Name:              CUDAtest
Queue:             quick
Shared Access:     no
All Cores:         no
Has MIC:           no
Nodes:             hpc3025 
TMPDIR:            /tmp/11957306.hpc-pbs.hpcc.usc.edu
End PBS Prologue Sun Apr 19 02:32:08 PDT 2015
----------------------------------------
C[451][451] = 2048
Time - 16.773567
----------------------------------------
Begin PBS Epilogue Sun Apr 19 02:32:09 PDT 2015
Job ID:           11957306.hpc-pbs.hpcc.usc.edu
Username:         adhulipa
Group:            csci-ar
Job Name:         CUDAtest
Session:          52974
Limits:           neednodes=1:ppn=8:gpu,nodes=1:ppn=8:gpu,walltime=00:08:00
Resources:        cput=00:00:00,mem=0kb,vmem=0kb,walltime=00:00:01
Queue:            quick
Shared Access:    no
Has MIC:          no
End PBS Epilogue Sun Apr 19 02:32:09 PDT 2015
----------------------------------------
